ERROR: hacking attempt
ERROR: hacking attempt
ERROR: hacking attempt
ERROR: 	hacking attempt
ERROR: 	hacking attempt
ERROR: 	hacking attempt
ERROR: 	hacking attempt
LOGIN FAILED: 	The Main Admin was not Log-in unsuccessful
LOGIN: 	The Main Admin logedin successfully with ID
LOGOUT: 	The Main Admin was Log-out successful
LOGIN: 	The Main Admin logedin successfully
LOGOUT: 	The Main Admin was Log-out successful on November 12 2019, 10:55 PM
LOGIN: 	The Main Admin logedin successfully
LOGOUT: 	The Main Admin was Log-out successful on 12 November  2019, 10:57:08 PM
LOGIN: 	The Main Admin logedin successfully on 12 November 2019, 10:58:22 PM
LOGOUT: 	The Main Admin was Log-out successful on 12 November 2019, 10:59:25 PM
LOGIN: 	The Main Admin logedin successfully on 12 November 2019, 11:38:41 PM
LOGIN: 	The subadmin was created successfully with ID =on 12 November 2019, 11:39:52 PM
NEW ACCOUNT: 	The new subadmin was created successfully with ID =3on 12 November 2019, 11:42:44 PM
NEW ACCOUNT: 	The new subadmin was created successfully with ID =4 on 12 November 2019, 11:48:48 PM
NEW ACCOUNT: 	The new subadmin was created successfully with ID =5 on 12 November 2019, 11:50:47 PM
NEW ACCOUNT: 	The new subadmin was created successfully with ID =6 on 12 November 2019, 11:53:18 PM
NEW ACCOUNT: 	The new subadmin was created successfully with ID =7 on 12 November 2019, 11:55:23 PM
NEW ACCOUNT: 	The new subadmin was created successfully with ID =8 on 13 November 2019, 12:03:45 AM
NEW ACCOUNT: 	The new subadmin was created successfully with ID =9 on 13 November 2019, 12:28:20 AM
LOGIN: 	The Main Admin logedin successfully on 13 November 2019, 1:33:30 AM
NEW ACCOUNT: 	The new subadmin was created successfully with ID =10 on 13 November 2019, 3:01:01 AM
LOGIN: 	The Main Admin logedin successfully on 13 November 2019, 11:46:09 AM
LOGIN: 	The Main Admin logedin successfully on 13 November 2019, 4:41:28 PM
LOGIN: 	The Main Admin logedin successfully on 13 November 2019, 6:30:10 PM
LOGIN: 	The Main Admin logedin successfully on 13 November 2019, 7:25:37 PM
LOGOUT: 	The Main Admin was Log-out successful on 13 November 2019, 7:28:35 PM
LOGIN: 	The Main Admin logedin successfully on 13 November 2019, 7:28:37 PM
LOGIN: 	The Main Admin logedin successfully on 13 November 2019, 10:51:51 PM
LOGIN: 	The Main Admin logedin successfully on 13 November 2019, 11:19:20 PM
LOGIN: 	The Main Admin logedin successfully on 13 November 2019, 11:19:46 PM
LOGIN: 	The Main Admin logedin successfully on 13 November 2019, 11:22:07 PM
LOGIN: 	The Main Admin logedin successfully on 13 November 2019, 11:24:58 PM
LOGIN: 	The Main Admin logedin successfully on 13 November 2019, 11:25:23 PM
LOGIN: 	The Main Admin logedin successfully on 13 November 2019, 11:25:56 PM
LOGIN: 	The Main Admin logedin successfully on 13 November 2019, 11:27:12 PM
LOGIN: 	The Main Admin logedin successfully on 13 November 2019, 11:28:00 PM
LOGIN: 	The Main Admin logedin successfully on 13 November 2019, 11:30:02 PM
LOGIN: 	The Main Admin logedin successfully on 13 November 2019, 11:30:48 PM
LOGIN: 	The Main Admin logedin successfully on 13 November 2019, 11:31:25 PM
LOGIN: 	The Main Admin logedin successfully on 13 November 2019, 11:48:52 PM
LOGIN: 	The Main Admin logedin successfully on 13 November 2019, 11:51:49 PM
LOGIN: 	The Main Admin logedin successfully on 13 November 2019, 11:52:56 PM
LOGIN: 	The Main Admin logedin successfully on 14 November 2019, 12:01:37 AM
LOGIN: 	The Main Admin logedin successfully on 14 November 2019, 12:02:21 AM
LOGIN: 	The Main Admin logedin successfully on 14 November 2019, 12:03:36 AM
LOGIN: 	The Main Admin logedin successfully on 14 November 2019, 12:06:19 AM
LOGIN: 	The Main Admin logedin successfully on 14 November 2019, 12:07:20 AM
LOGIN: 	The Main Admin logedin successfully on 14 November 2019, 11:23:11 AM
LOGIN: 	The Main Admin logedin successfully on 14 November 2019, 11:26:20 AM
LOGOUT: 	The Main Admin was Log-out successful on 14 November 2019, 11:30:59 AM
LOGIN FAILED: 	The Main Admin was not Log-in unsuccessful
LOGIN: 	The Main Admin logedin successfully on 14 November 2019, 11:31:18 AM
LOGIN: 	The Main Admin logedin successfully on 14 November 2019, 12:39:41 PM
NEW ACCOUNT: 	The new subadmin was created successfully with ID =11 on 14 November 2019, 2:23:26 PM
NEW ACCOUNT: 	The new subadmin was created successfully with ID =12 on 14 November 2019, 2:36:26 PM
NEW ACCOUNT: 	The new subadmin was created successfully with ID =13 on 14 November 2019, 2:38:12 PM
LOGIN: 	The Main Admin logedin successfully on 14 November 2019, 3:24:27 PM
LOGIN: 	The Main Admin logedin successfully on 14 November 2019, 4:45:03 PM
LOGIN: 	The Main Admin logedin successfully on 15 November 2019, 12:30:24 AM
LOGIN: 	The Main Admin logedin successfully on 15 November 2019, 12:31:51 PM
LOGIN: 	The Main Admin logedin successfully on 16 November 2019, 6:41:28 AM
LOGIN: 	The Main Admin logedin successfully on 16 November 2019, 5:55:23 PM
LOGIN: 	The Main Admin logedin successfully on 17 November 2019, 4:20:22 PM
LOGIN: 	The Main Admin logedin successfully on 17 November 2019, 9:12:48 PM
LOGIN: 	The Main Admin logedin successfully on 17 November 2019, 9:56:26 PM
LOGIN: 	The Main Admin logedin successfully on 18 November 2019, 12:27:31 AM
LOGIN: 	The Main Admin logedin successfully on 18 November 2019, 9:49:46 AM
NEW ACCOUNT: 	The new subadmin was created successfully with ID =14 on 18 November 2019, 9:51:27 AM
NEW ACCOUNT: 	The new subadmin was created successfully with ID =15 on 18 November 2019, 9:51:48 AM
NEW ACCOUNT: 	The new subadmin was created successfully with ID =16 on 18 November 2019, 9:52:14 AM
LOGIN: 	The Main Admin logedin successfully on 18 November 2019, 12:49:04 PM
LOGIN: 	The Main Admin logedin successfully on 18 November 2019, 1:47:30 PM
LOGIN: 	The Main Admin logedin successfully on 20 November 2019, 7:39:44 AM
LOGIN: 	The Main Admin logedin successfully on 20 November 2019, 12:43:28 PM
LOGIN: 	The Main Admin logedin successfully on 20 November 2019, 5:48:43 PM
LOGOUT: 	The Main Admin was Log-out successful on 20 November 2019, 5:50:58 PM
LOGIN: 	The Main Admin logedin successfully on 20 November 2019, 5:51:03 PM
LOGOUT: 	The Main Admin was Log-out successful on 20 November 2019, 6:44:02 PM
LOGIN: 	The Main Admin logedin successfully on 20 November 2019, 6:44:04 PM
LOGOUT: 	The Main Admin was Log-out successful on 20 November 2019, 6:44:12 PM
LOGIN: 	The Main Admin logedin successfully on 20 November 2019, 6:44:14 PM
LOGOUT: 	The Main Admin was Log-out successful on 20 November 2019, 6:46:15 PM
LOGIN: 	The Main Admin logedin successfully on 20 November 2019, 6:46:23 PM
LOGOUT: 	The Main Admin was Log-out successful on 20 November 2019, 7:37:44 PM
LOGIN: 	The Main Admin logedin successfully on 20 November 2019, 7:37:50 PM
LOGIN: 	The Main Admin logedin successfully on 20 November 2019, 8:42:37 PM
LOGOUT: 	The Main Admin was Log-out successful on 20 November 2019, 8:46:00 PM
LOGIN: 	The Main Admin logedin successfully on 20 November 2019, 8:46:03 PM
LOGIN: 	The Main Admin logedin successfully on 20 November 2019, 8:52:44 PM
NEW ACCOUNT: 	The new subadmin was created successfully with ID =17 on 20 November 2019, 9:35:35 PM
LOGIN: 	The Main Admin logedin successfully on 20 November 2019, 10:25:31 PM
LOGOUT: 	The Main Admin was Log-out successful on 20 November 2019, 10:25:38 PM
LOGIN: 	The Main Admin logedin successfully on 20 November 2019, 10:28:24 PM
LOGIN: 	The Main Admin logedin successfully on 20 November 2019, 11:23:48 PM
LOGIN: 	The Main Admin logedin successfully on 21 November 2019, 1:15:29 AM
NEW ACCOUNT: 	The new subadmin was created successfully with ID =18 on 21 November 2019, 1:23:05 AM
NEW ACCOUNT: 	The new subadmin was created successfully with ID =19 on 21 November 2019, 2:20:05 AM
NEW ACCOUNT: 	The new subadmin was created successfully with ID =20 on 21 November 2019, 2:23:16 AM
NEW ACCOUNT: 	The new subadmin was created successfully with ID =21 on 21 November 2019, 2:24:28 AM
LOGOUT: 	The Main Admin was Log-out successful on 21 November 2019, 2:26:33 AM
LOGIN: 	The Main Admin logedin successfully on 21 November 2019, 10:56:58 AM
LOGIN: 	The Main Admin logedin successfully on 21 November 2019, 11:13:47 AM
LOGIN: 	The Main Admin logedin successfully on 21 November 2019, 11:58:15 AM
LOGOUT: 	The Main Admin was Log-out successful on 21 November 2019, 1:34:56 PM
LOGIN: 	The Main Admin logedin successfully on 21 November 2019, 1:43:11 PM
LOGIN FAILED: 	The Main Admin was not Log-in unsuccessful
LOGIN FAILED: 	The Main Admin was not Log-in unsuccessful
LOGIN FAILED: 	The Main Admin was not Log-in unsuccessful
LOGIN FAILED: 	The Main Admin was not Log-in unsuccessful
LOGIN FAILED: 	The Main Admin was not Log-in unsuccessful
LOGIN FAILED: 	The Main Admin was not Log-in unsuccessful
LOGIN: 	The Main Admin logedin successfully on 21 November 2019, 7:49:19 PM
LOGOUT: 	The Main Admin was Log-out successful on 21 November 2019, 7:50:53 PM
LOGIN FAILED: 	The Main Admin was not Log-in unsuccessful
LOGIN FAILED: 	The Main Admin was not Log-in unsuccessful
LOGIN FAILED: 	The Main Admin was not Log-in unsuccessful
LOGIN FAILED: 	The Main Admin was not Log-in unsuccessful on 21 November 2019, 8:00:04 PM
LOGIN: 	The Main Admin logedin successfully on 21 November 2019, 8:00:18 PM
LOGOUT: 	The Main Admin was Log-out successful on 21 November 2019, 8:00:53 PM
LOGIN FAILED: 	The Main Admin was not Log-in unsuccessful on 21 November 2019, 8:07:51 PM
LOGIN FAILED: 	The Main Admin was not Log-in unsuccessful on 21 November 2019, 8:08:02 PM
LOGIN FAILED: 	The Main Admin was not Log-in unsuccessful on 21 November 2019, 8:08:21 PM
LOGIN: 	The Main Admin logedin successfully on 21 November 2019, 8:09:05 PM
LOGOUT: 	The Main Admin was Log-out successful on 21 November 2019, 8:09:09 PM
LOGIN: 	The Main Admin logedin successfully on 21 November 2019, 8:09:50 PM
LOGOUT: 	The Main Admin was Log-out successful on 21 November 2019, 8:09:58 PM
LOGIN: 	The Main Admin logedin successfully on 21 November 2019, 8:09:59 PM
LOGOUT: 	The Main Admin was Log-out successful on 21 November 2019, 8:10:01 PM
LOGIN: 	The Main Admin logedin successfully on 21 November 2019, 8:24:22 PM
LOGOUT: 	The Main Admin was Log-out successful on 21 November 2019, 8:24:29 PM
LOGIN: 	The Main Admin logedin successfully on 21 November 2019, 8:29:11 PM
LOGOUT: 	The Main Admin was Log-out successful on 21 November 2019, 8:29:16 PM
LOGIN: 	The Main Admin logedin successfully on 22 November 2019, 11:13:52 AM
LOGIN: 	The Main Admin logedin successfully on 22 November 2019, 6:20:32 PM
LOGOUT: 	The Main Admin was Log-out successful on 22 November 2019, 7:25:16 PM
LOGIN: 	The Main Admin logedin successfully on 23 November 2019, 2:55:29 PM
NEW ACCOUNT: 	The new subadmin was created successfully with ID =22 on 23 November 2019, 3:18:57 PM
LOGIN: 	The Main Admin logedin successfully on 23 November 2019, 3:56:00 PM
LOGOUT: 	The Main Admin was Log-out successful on 23 November 2019, 4:04:11 PM
LOGIN: 	The Main Admin logedin successfully on 23 November 2019, 9:36:11 PM
LOGIN: 	The Main Admin logedin successfully on 23 November 2019, 9:38:01 PM
LOGIN: 	The Main Admin logedin successfully on 23 November 2019, 10:43:30 PM
LOGOUT: 	The Main Admin was Log-out successful on 23 November 2019, 11:00:30 PM
LOGIN: 	The Main Admin logedin successfully on 23 November 2019, 11:00:40 PM
LOGOUT: 	The Main Admin was Log-out successful on 23 November 2019, 11:04:18 PM
LOGIN: 	The Main Admin logedin successfully on 23 November 2019, 11:04:25 PM
LOGOUT: 	The Main Admin was Log-out successful on 23 November 2019, 11:05:16 PM
LOGIN: 	The Main Admin logedin successfully on 23 November 2019, 11:06:04 PM
LOGOUT: 	The Main Admin was Log-out successful on 23 November 2019, 11:15:25 PM
LOGIN: 	The Main Admin logedin successfully on 25 November 2019, 9:33:04 AM
LOGIN: 	The Main Admin logedin successfully on 25 November 2019, 3:17:35 PM
LOGOUT: 	The Main Admin was Log-out successful on 25 November 2019, 3:20:59 PM
NEW ACCOUNT: 	The new subadmin was created successfully with ID =1 on 26 November 2019, 10:13:12 AM
NEW ACCOUNT: 	The new student was created successfully with ID =4 on 26 November 2019, 10:19:30 AM
NEW ACCOUNT: 	The new student was created successfully with ID =6 on 26 November 2019, 10:22:59 AM
NEW ACCOUNT: 	The new student was created successfully with ID =7 on 26 November 2019, 10:31:06 AM
LOGIN: 	The Main Admin logedin successfully on 29 November 2019, 9:45:17 AM
LOGOUT: 	The Main Admin was Log-out successful on 29 November 2019, 9:49:33 AM
NEW ACCOUNT: 	The new student was created successfully with ID =11 on 2 December 2019, 5:10:47 PM
NEW ACCOUNT: 	The new student was created successfully with ID =15 on 2 December 2019, 5:14:36 PM
NEW ACCOUNT: 	The new student was created successfully with ID =25 on 2 December 2019, 11:50:50 PM
NEW ACCOUNT: 	The new student was created successfully with ID =26 on 2 December 2019, 11:52:37 PM
NEW ACCOUNT: 	The new student was created successfully with ID =27 on 2 December 2019, 11:54:09 PM
NEW ACCOUNT: 	The new student was created successfully with ID =28 on 2 December 2019, 11:56:35 PM
NEW ACCOUNT: 	The new student was created successfully with ID =29 on 2 December 2019, 11:57:53 PM
NEW ACCOUNT: 	The new student was created successfully with ID =30 on 3 December 2019, 12:00:04 AM
NEW ACCOUNT: 	The new student was created successfully with ID =32 on 3 December 2019, 12:16:31 AM
LOGOUT: 	The Main Admin was Log-out successful on 3 December 2019, 12:21:03 AM
LOGOUT: 	The Main Admin was Log-out successful on 3 December 2019, 12:21:48 AM
NEW ACCOUNT: 	The new student was created successfully with ID =33 on 3 December 2019, 12:22:54 AM
LOGOUT: 	The Main Admin was Log-out successful on 3 December 2019, 12:23:15 AM
LOGIN FAILED: 	The Main Admin was not Log-in unsuccessful on 3 December 2019, 12:32:13 PM
LOGIN: 	The student logedin successfully on 3 December 2019, 12:32:33 PM
LOGIN FAILED: 	The Main Admin was not Log-in unsuccessful on 3 December 2019, 12:32:45 PM
LOGIN: 	The student logedin successfully on 3 December 2019, 12:32:49 PM
LOGIN: 	The student logedin successfully on 3 December 2019, 12:38:20 PM
LOGIN FAILED: 	The Main Admin was not Log-in unsuccessful on 3 December 2019, 12:39:47 PM
LOGIN FAILED: 	The Main Admin was not Log-in unsuccessful on 3 December 2019, 12:40:14 PM
LOGIN FAILED: 	The Main Admin was not Log-in unsuccessful on 3 December 2019, 12:41:03 PM
LOGIN: 	The student logedin successfully on 3 December 2019, 12:41:16 PM
LOGIN: 	The student logedin successfully on 3 December 2019, 12:42:29 PM
LOGIN FAILED: 	The Main Admin was not Log-in unsuccessful on 3 December 2019, 12:42:56 PM
LOGIN FAILED: 	The Main Admin was not Log-in unsuccessful on 3 December 2019, 12:47:37 PM
LOGIN FAILED: 	The Main Admin was not Log-in unsuccessful on 3 December 2019, 12:59:06 PM
LOGIN FAILED: 	The Main Admin was not Log-in unsuccessful on 3 December 2019, 1:00:40 PM
LOGIN: 	The student logedin successfully on 3 December 2019, 1:00:50 PM
LOGIN: 	The student logedin successfully on 3 December 2019, 1:01:50 PM
NEW ACCOUNT: 	The new student was created successfully with ID =34 on 3 December 2019, 1:05:50 PM
LOGOUT: 	The Main Admin was Log-out successful on 3 December 2019, 1:05:56 PM
LOGOUT: 	The Main Admin was Log-out successful on 3 December 2019, 1:05:56 PM
LOGIN: 	The student logedin successfully on 3 December 2019, 1:06:45 PM
LOGIN FAILED: 	The Main Admin was not Log-in unsuccessful on 3 December 2019, 1:07:03 PM
LOGIN: 	The student logedin successfully on 3 December 2019, 1:07:09 PM
LOGIN: 	The student logedin successfully on 3 December 2019, 1:07:41 PM
LOGIN: 	The student logedin successfully on 3 December 2019, 1:08:06 PM
LOGIN FAILED: 	The Main Admin was not Log-in unsuccessful on 3 December 2019, 1:09:31 PM
LOGIN FAILED: 	The Main Admin was not Log-in unsuccessful on 3 December 2019, 1:09:49 PM
LOGIN FAILED: 	The Main Admin was not Log-in unsuccessful on 3 December 2019, 1:09:54 PM
LOGIN: 	The student logedin successfully on 3 December 2019, 1:10:00 PM
LOGOUT: 	The Main Admin was Log-out successful on 3 December 2019, 1:10:14 PM
LOGOUT: 	The Main Admin was Log-out successful on 3 December 2019, 1:10:14 PM
NEW ACCOUNT: 	The new student was created successfully with ID =35 on 3 December 2019, 4:39:47 PM
LOGOUT: 	The Main Admin was Log-out successful on 3 December 2019, 4:40:15 PM
NEW ACCOUNT: 	The new student was created successfully with ID =36 on 3 December 2019, 4:59:02 PM
LOGOUT: 	The Main Admin was Log-out successful on 3 December 2019, 5:03:26 PM
NEW ACCOUNT: 	The new student was created successfully with ID =37 on 3 December 2019, 5:32:53 PM
LOGOUT: 	The Main Admin was Log-out successful on 3 December 2019, 5:33:03 PM
LOGIN FAILED: 	The Main Admin was not Log-in unsuccessful on 3 December 2019, 5:45:23 PM
LOGIN: 	The student logedin successfully on 3 December 2019, 9:28:13 PM
LOGOUT: 	The Main Admin was Log-out successful on 3 December 2019, 9:28:15 PM
LOGIN: 	The student logedin successfully on 3 December 2019, 9:29:15 PM
LOGOUT: 	The Main Admin was Log-out successful on 3 December 2019, 9:29:17 PM
LOGIN: 	The student logedin successfully on 3 December 2019, 9:30:16 PM
LOGOUT: 	The Main Admin was Log-out successful on 3 December 2019, 9:30:19 PM
LOGIN FAILED: 	The Main Admin was not Log-in unsuccessful on 3 December 2019, 9:47:43 PM
LOGIN: 	The student logedin successfully on 3 December 2019, 9:48:48 PM
LOGOUT: 	The Main Admin was Log-out successful on 3 December 2019, 9:48:54 PM
LOGIN: 	The student logedin successfully on 3 December 2019, 10:08:01 PM
LOGOUT: 	The Main Admin was Log-out successful on 3 December 2019, 10:08:08 PM
LOGIN: 	The student logedin successfully on 3 December 2019, 10:09:44 PM
LOGOUT: 	The Main Admin was Log-out successful on 3 December 2019, 10:09:47 PM
LOGIN: 	The student logedin successfully on 3 December 2019, 10:48:06 PM
LOGOUT: 	The Main Admin was Log-out successful on 3 December 2019, 10:51:27 PM
LOGIN: 	The student logedin successfully on 3 December 2019, 10:51:57 PM
LOGOUT: 	The Main Admin was Log-out successful on 3 December 2019, 11:26:16 PM
LOGIN: 	The student logedin successfully on 3 December 2019, 11:27:05 PM
LOGIN: 	The student logedin successfully on 4 December 2019, 9:36:22 AM
LOGIN: 	The student logedin successfully on 4 December 2019, 10:15:18 AM
LOGIN FAILED: 	The Main Admin was not Log-in unsuccessful on 4 December 2019, 5:38:12 PM
LOGIN: 	The student logedin successfully on 4 December 2019, 5:39:45 PM
NEW ACCOUNT: 	The new student was created successfully with ID =38 on 4 December 2019, 6:15:10 PM
LOGIN: 	The student logedin successfully on 4 December 2019, 7:14:21 PM
LOGIN: 	The student logedin successfully on 4 December 2019, 9:16:10 PM
Allotement Details: 	Allotement Details was successfully filles with ID =27 on 4 December 2019, 9:43:55 PM by 1
LOGIN: 	The student logedin successfully on 4 December 2019, 11:55:35 PM
Allotement Details: 	Allotement Details was successfully filles with ID =28 on 5 December 2019, 12:09:54 AM by 1
LOGIN: 	The student logedin successfully on 5 December 2019, 12:14:24 PM
Allotement Details: 	Allotement Details was successfully filles with ID =29 on 5 December 2019, 12:15:56 PM by 1
Allotement Details: 	Allotement Details was successfully filles with ID =30 on 5 December 2019, 12:17:24 PM by 29
Allotement Details: 	Allotement Details was successfully filles with ID =31 on 5 December 2019, 12:18:05 PM by 30
Allotement Details: 	Allotement Details was successfully filles with ID =32 on 5 December 2019, 12:26:05 PM by 31
Allotement Details: 	Allotement Details was successfully filles with ID =33 on 5 December 2019, 12:29:44 PM by 32
Allotement Details: 	Allotement Details was successfully filles with ID =34 on 5 December 2019, 12:32:07 PM by 33
Allotement Details: 	Allotement Details was successfully filles with ID =35 on 5 December 2019, 12:32:50 PM by 34
Allotement Details: 	Allotement Details was successfully filles with ID =36 on 5 December 2019, 12:33:33 PM by 35
Allotement Details: 	Allotement Details was successfully filles with ID =37 on 5 December 2019, 1:17:22 PM by 36
LOGOUT: 	The Main Admin was Log-out successful on 5 December 2019, 1:28:30 PM
LOGIN: 	The student logedin successfully on 5 December 2019, 1:28:52 PM
Allotement Details: 	Allotement Details was successfully filles with ID =38 on 5 December 2019, 1:32:03 PM by 1
Allotement Details: 	Allotement Details was successfully filles with ID =39 on 5 December 2019, 1:32:29 PM by 38
Allotement Details: 	Allotement Details was successfully filles with ID =40 on 5 December 2019, 1:42:03 PM by 39
Allotement Details: 	Allotement Details was successfully filles with ID =41 on 5 December 2019, 1:42:49 PM by 40
Allotement Details: 	Allotement Details was successfully filles with ID =42 on 5 December 2019, 1:48:08 PM by 41
Allotement Details: 	Allotement Details was successfully filles with ID =43 on 5 December 2019, 1:49:52 PM by 42
Allotement Details: 	Allotement Details was successfully filles with ID =44 on 5 December 2019, 1:51:00 PM by 43
LOGIN: 	The student logedin successfully on 5 December 2019, 3:32:21 PM
LOGIN: 	The student logedin successfully on 5 December 2019, 4:44:39 PM
Allotement Details: 	Allotement Details was successfully filles with ID =45 on 5 December 2019, 6:03:30 PM by 1
LOGIN: 	The student logedin successfully on 5 December 2019, 6:46:55 PM
LOGIN: 	The student logedin successfully on 5 December 2019, 9:19:56 PM
LOGIN FAILED: 	The Main Admin was not Log-in unsuccessful on 6 December 2019, 10:04:58 AM
LOGIN: 	The student logedin successfully on 6 December 2019, 10:05:19 AM
LOGIN: 	The student logedin successfully on 6 December 2019, 11:53:43 AM
LOGIN: 	The student logedin successfully on 6 December 2019, 11:55:44 AM
LOGIN: 	The student logedin successfully on 6 December 2019, 11:58:03 AM
LOGIN: 	The student logedin successfully on 6 December 2019, 12:00:11 PM
LOGIN: 	The student logedin successfully on 6 December 2019, 12:02:07 PM
LOGIN: 	The student logedin successfully on 6 December 2019, 12:14:35 PM
LOGOUT: 	The Main Admin was Log-out successful on 6 December 2019, 12:17:50 PM
LOGIN: 	The student logedin successfully on 6 December 2019, 12:18:08 PM
LOGOUT: 	The Main Admin was Log-out successful on 6 December 2019, 12:18:48 PM
LOGIN: 	The student logedin successfully on 6 December 2019, 12:19:02 PM
LOGIN: 	The student logedin successfully on 6 December 2019, 12:19:35 PM
LOGIN: 	The student logedin successfully on 6 December 2019, 12:20:56 PM
LOGIN: 	The student logedin successfully on 6 December 2019, 12:21:49 PM
LOGIN: 	The student logedin successfully on 6 December 2019, 12:23:04 PM
LOGIN: 	The student logedin successfully on 6 December 2019, 12:25:37 PM
LOGIN FAILED: 	The Main Admin was not Log-in unsuccessful on 6 December 2019, 12:26:46 PM
LOGIN: 	The student logedin successfully on 6 December 2019, 12:28:35 PM
LOGOUT: 	The Main Admin was Log-out successful on 6 December 2019, 12:34:43 PM
LOGIN: 	The student logedin successfully on 6 December 2019, 12:34:58 PM
LOGIN: 	The student logedin successfully on 6 December 2019, 6:34:36 PM
LOGOUT: 	The Main Admin was Log-out successful on 6 December 2019, 6:44:21 PM
LOGIN: 	The student logedin successfully on 6 December 2019, 6:44:39 PM
LOGOUT: 	The Main Admin was Log-out successful on 6 December 2019, 6:47:20 PM
LOGIN: 	The student logedin successfully on 6 December 2019, 6:47:40 PM
LOGOUT: 	The Main Admin was Log-out successful on 6 December 2019, 6:52:30 PM
LOGIN: 	The student logedin successfully on 6 December 2019, 6:52:59 PM
LOGOUT: 	The Main Admin was Log-out successful on 6 December 2019, 9:00:35 PM
LOGIN: 	The student logedin successfully on 6 December 2019, 9:02:50 PM
LOGOUT: 	The Main Admin was Log-out successful on 6 December 2019, 10:03:16 PM
LOGIN: 	The student logedin successfully on 6 December 2019, 10:04:15 PM
Allotement Details: 	Allotement Details was successfully filles with ID =46 on 6 December 2019, 10:05:26 PM by 1
LOGOUT: 	The Main Admin was Log-out successful on 6 December 2019, 10:11:25 PM
LOGIN: 	The student logedin successfully on 6 December 2019, 10:11:47 PM
Allotement Details: 	Allotement Details was successfully filles with ID =47 on 6 December 2019, 10:14:45 PM by 1
LOGIN: 	The student logedin successfully on 7 December 2019, 10:31:05 AM
LOGIN: 	The student logedin successfully on 7 December 2019, 2:57:32 PM
LOGIN: 	The student logedin successfully on 8 December 2019, 6:15:50 PM
LOGIN FAILED: 	The Main Admin was not Log-in unsuccessful on 8 December 2019, 7:19:29 PM
NEW ACCOUNT: 	The new student was created successfully with ID =1 on 8 December 2019, 7:20:51 PM
LOGIN: 	The student logedin successfully on 8 December 2019, 8:48:06 PM
LOGIN: 	The student logedin successfully on 8 December 2019, 9:38:45 PM
LOGIN: 	The student logedin successfully on 9 December 2019, 12:28:32 AM
LOGIN: 	The student logedin successfully on 9 December 2019, 9:19:56 AM
Allotement Details: 	Allotement Details was successfully filles with ID =1 on 9 December 2019, 10:52:40 AM by 1
LOGOUT: 	The Main Admin was Log-out successful on 9 December 2019, 11:00:54 AM
NEW ACCOUNT: 	The new student was created successfully with ID =2 on 9 December 2019, 11:02:00 AM
Allotement Details: 	Allotement Details was successfully filles with ID =2 on 9 December 2019, 11:04:33 AM by 2
LOGOUT: 	The Main Admin was Log-out successful on 9 December 2019, 11:22:10 AM
LOGIN: 	The student logedin successfully on 9 December 2019, 11:22:44 AM
LOGOUT: 	The Main Admin was Log-out successful on 9 December 2019, 11:23:21 AM
NEW ACCOUNT: 	The new student was created successfully with ID =3 on 9 December 2019, 11:24:47 AM
Allotement Details: 	Allotement Details was successfully filles with ID =3 on 9 December 2019, 11:25:19 AM by 3
LOGIN: 	The Main Admin logedin successfully on 10 December 2019, 8:55:28 AM
LOGOUT: 	The Main Admin was Log-out successful on 10 December 2019, 8:56:39 AM
LOGIN: 	The student logedin successfully on 22 December 2019, 6:25:28 AM
LOGOUT: 	The Main Admin was Log-out successful on 22 December 2019, 6:26:46 AM
LOGIN: 	The student logedin successfully on 24 December 2019, 6:06:20 AM
LOGIN: 	The student logedin successfully on 24 December 2019, 7:56:08 AM
LOGIN: 	The student logedin successfully on 24 December 2019, 9:42:32 AM
Allotement Details: 	Allotement Details was successfully filles with ID =4 on 24 December 2019, 10:00:34 AM by 1
LOGOUT: 	The Main Admin was Log-out successful on 24 December 2019, 10:08:57 AM
LOGIN: 	The student logedin successfully on 24 December 2019, 10:09:15 AM
Allotement Details: 	Allotement Details was successfully filles with ID =9 on 24 December 2019, 10:09:36 AM by 1
LOGOUT: 	The Main Admin was Log-out successful on 24 December 2019, 10:10:40 AM
LOGIN: 	The student logedin successfully on 24 December 2019, 10:10:59 AM
Allotement Details: 	Allotement Details was successfully filles with ID =11 on 24 December 2019, 10:11:20 AM by 1
LOGOUT: 	The Main Admin was Log-out successful on 24 December 2019, 10:11:48 AM
LOGIN: 	The student logedin successfully on 24 December 2019, 10:12:07 AM
Allotement Details: 	Allotement Details was successfully filles with ID =12 on 24 December 2019, 10:13:01 AM by 1
LOGOUT: 	The Main Admin was Log-out successful on 24 December 2019, 10:13:23 AM
LOGIN: 	The student logedin successfully on 24 December 2019, 10:14:10 AM
Allotement Details: 	Allotement Details was successfully filles with ID =13 on 24 December 2019, 10:15:20 AM by 1
LOGOUT: 	The Main Admin was Log-out successful on 24 December 2019, 10:15:54 AM
LOGIN: 	The student logedin successfully on 24 December 2019, 10:16:22 AM
LOGOUT: 	The Main Admin was Log-out successful on 24 December 2019, 11:05:05 AM
LOGIN: 	The student logedin successfully on 24 December 2019, 11:05:37 AM
Allotement Details: 	Allotement Details was successfully filles with ID =14 on 24 December 2019, 12:08:25 PM by 1
LOGOUT: 	The Main Admin was Log-out successful on 24 December 2019, 1:17:20 PM
LOGIN: 	The student logedin successfully on 24 December 2019, 1:19:21 PM
Allotement Details: 	Allotement Details was successfully filles with ID =39 on 24 December 2019, 1:19:58 PM by 1
LOGOUT: 	The Main Admin was Log-out successful on 24 December 2019, 1:21:36 PM
LOGIN: 	The student logedin successfully on 24 December 2019, 1:21:53 PM
Allotement Details: 	Allotement Details was successfully filles with ID =41 on 24 December 2019, 1:22:05 PM by 1
LOGOUT: 	The Main Admin was Log-out successful on 24 December 2019, 1:25:10 PM
LOGIN: 	The student logedin successfully on 24 December 2019, 1:25:40 PM
Allotement Details: 	Allotement Details was successfully filles with ID =42 on 24 December 2019, 1:26:01 PM by 1
LOGOUT: 	The Main Admin was Log-out successful on 24 December 2019, 1:28:45 PM
LOGIN: 	The student logedin successfully on 24 December 2019, 1:29:12 PM
Allotement Details: 	Allotement Details was successfully filles with ID =43 on 24 December 2019, 1:29:26 PM by 1
LOGOUT: 	The Main Admin was Log-out successful on 24 December 2019, 1:32:53 PM
LOGIN: 	The student logedin successfully on 24 December 2019, 1:33:12 PM
Allotement Details: 	Allotement Details was successfully filles with ID =44 on 24 December 2019, 1:33:31 PM by 1
LOGOUT: 	The Main Admin was Log-out successful on 24 December 2019, 1:34:03 PM
LOGIN: 	The student logedin successfully on 24 December 2019, 1:34:34 PM
Allotement Details: 	Allotement Details was successfully filles with ID =45 on 24 December 2019, 1:34:56 PM by 1
LOGOUT: 	The Main Admin was Log-out successful on 24 December 2019, 1:35:45 PM
LOGIN: 	The student logedin successfully on 24 December 2019, 1:36:09 PM
Allotement Details: 	Allotement Details was successfully filles with ID =46 on 24 December 2019, 1:36:27 PM by 1
LOGOUT: 	The Main Admin was Log-out successful on 24 December 2019, 1:37:32 PM
LOGIN: 	The student logedin successfully on 24 December 2019, 1:37:52 PM
Allotement Details: 	Allotement Details was successfully filles with ID =47 on 24 December 2019, 1:38:08 PM by 1
LOGOUT: 	The Main Admin was Log-out successful on 24 December 2019, 1:40:09 PM
LOGIN: 	The student logedin successfully on 24 December 2019, 1:40:25 PM
Allotement Details: 	Allotement Details was successfully filles with ID =48 on 24 December 2019, 1:40:40 PM by 1
LOGIN: 	The student logedin successfully on 24 December 2019, 4:02:38 PM
LOGIN: 	The student logedin successfully on 24 December 2019, 5:21:04 PM
Allotement Details: 	Allotement Details was successfully filles with ID =1 on 24 December 2019, 5:21:53 PM by 1
LOGIN: 	The student logedin successfully on 24 December 2019, 6:49:53 PM
Allotement Details: 	Allotement Details was successfully filles with ID =49 on 24 December 2019, 6:52:32 PM by 1
Personal Details: 	Personal Details was successfully filled by ID =2 on 24 December 2019, 6:56:53 PM by 1
LOGOUT: 	The Main Admin was Log-out successful on 24 December 2019, 7:02:42 PM
LOGIN: 	The student logedin successfully on 24 December 2019, 7:03:00 PM
Personal Details: 	Personal Details was successfully filled by ID =3 on 24 December 2019, 7:04:02 PM by 1
LOGIN FAILED: 	The Main Admin was not Log-in unsuccessful on 25 December 2019, 5:06:55 AM
LOGIN: 	The student logedin successfully on 25 December 2019, 5:07:09 AM
LOGIN: 	The student logedin successfully on 25 December 2019, 7:02:32 AM
LOGOUT: 	The Main Admin was Log-out successful on 25 December 2019, 7:03:07 AM
LOGIN: 	The student logedin successfully on 25 December 2019, 7:03:17 AM
Gaurdian Details: 	Gaurdian Details was successfully filled by ID =1 on 25 December 2019, 8:18:32 AM by 1
LOGOUT: 	The Main Admin was Log-out successful on 25 December 2019, 8:19:26 AM
LOGIN FAILED: 	The Main Admin was not Log-in unsuccessful on 25 December 2019, 8:19:45 AM
LOGIN: 	The student logedin successfully on 25 December 2019, 8:19:53 AM
Gaurdian Details: 	Gaurdian Details was successfully filled by ID =2 on 25 December 2019, 8:22:01 AM by 2
LOGIN: 	The student logedin successfully on 25 December 2019, 9:15:11 AM
Education Details: 	Education Details was successfully filled by ID =1 on 25 December 2019, 9:40:42 AM by 2
LOGOUT: 	The Main Admin was Log-out successful on 25 December 2019, 10:56:02 AM
LOGIN FAILED: 	The Main Admin was not Log-in unsuccessful on 25 December 2019, 10:56:21 AM
LOGIN FAILED: 	The Main Admin was not Log-in unsuccessful on 25 December 2019, 10:56:55 AM
LOGIN: 	The student logedin successfully on 25 December 2019, 10:57:35 AM
Education Details: 	Education Details was successfully filled by ID =2 on 25 December 2019, 11:00:40 AM by 3
Education Details: 	Education Details was successfully filled by ID =3 on 25 December 2019, 11:01:16 AM by 3
Education Details: 	Education Details was successfully filled by ID =4 on 25 December 2019, 11:01:49 AM by 3
Education Details: 	Education Details was successfully filled by ID =5 on 25 December 2019, 11:02:36 AM by 3
LOGOUT: 	The Main Admin was Log-out successful on 25 December 2019, 12:43:58 PM
LOGIN: 	The student logedin successfully on 25 December 2019, 12:44:10 PM
LOGIN: 	The student logedin successfully on 25 December 2019, 1:56:13 PM
LOGOUT: 	The Main Admin was Log-out successful on 25 December 2019, 1:57:11 PM
LOGIN: 	The student logedin successfully on 25 December 2019, 1:58:05 PM
Personal Details: 	Personal Details was successfully filled by ID =4 on 25 December 2019, 1:59:09 PM by 2
LOGOUT: 	The Main Admin was Log-out successful on 25 December 2019, 1:59:54 PM
LOGIN: 	The student logedin successfully on 25 December 2019, 2:00:08 PM
Personal Details: 	Personal Details was successfully filled by ID =5 on 25 December 2019, 2:11:39 PM by 3
LOGOUT: 	The Main Admin was Log-out successful on 25 December 2019, 8:38:22 PM
NEW ACCOUNT: 	The new student was created successfully with ID =4 on 25 December 2019, 9:04:47 PM
Allotement Details: 	Allotement Details was successfully filles with ID =50 on 25 December 2019, 9:12:45 PM by 4
Personal Details: 	Personal Details was successfully filled by ID =6 on 25 December 2019, 9:15:50 PM by 4
Personal Details: 	Personal Details was successfully filled by ID =7 on 25 December 2019, 9:16:05 PM by 4
LOGIN: 	The student logedin successfully on 25 December 2019, 10:26:09 PM
LOGOUT: 	The Main Admin was Log-out successful on 25 December 2019, 10:54:48 PM
LOGIN: 	The student logedin successfully on 25 December 2019, 10:55:25 PM
LOGOUT: 	The Main Admin was Log-out successful on 25 December 2019, 11:39:52 PM
LOGIN FAILED: 	The Main Admin was not Log-in unsuccessful on 26 December 2019, 7:52:53 AM
LOGIN: 	The student logedin successfully on 26 December 2019, 7:53:02 AM
LOGOUT: 	The Main Admin was Log-out successful on 26 December 2019, 9:04:07 AM
LOGIN: 	The student logedin successfully on 26 December 2019, 9:04:22 AM
LOGOUT: 	The Main Admin was Log-out successful on 26 December 2019, 9:14:03 AM
LOGIN FAILED: 	The Main Admin was not Log-in unsuccessful on 26 December 2019, 9:14:24 AM
NEW ACCOUNT: 	The new student was created successfully with ID =5 on 26 December 2019, 9:17:58 AM
Allotement Details: 	Allotement Details was successfully filles with ID =52 on 26 December 2019, 9:19:36 AM by 5
Personal Details: 	Personal Details was successfully filled by ID =8 on 26 December 2019, 9:23:03 AM by 5
LOGOUT: 	The Main Admin was Log-out successful on 26 December 2019, 9:27:31 AM
LOGIN: 	The Main Admin logedin successfully on 26 December 2019, 9:28:19 AM
LOGOUT: 	The Main Admin was Log-out successful on 26 December 2019, 9:28:26 AM
LOGIN: 	The Main Admin logedin successfully on 26 December 2019, 9:29:06 AM
LOGOUT: 	The Main Admin was Log-out successful on 26 December 2019, 9:32:43 AM
LOGIN: 	The Main Admin logedin successfully on 26 December 2019, 9:32:55 AM
LOGOUT: 	The Main Admin was Log-out successful on 26 December 2019, 9:33:19 AM
LOGIN: 	The student logedin successfully on 26 December 2019, 9:33:34 AM
Education Details: 	Education Details was successfully filled by ID =6 on 26 December 2019, 11:30:57 AM by 5
LOGIN: 	The student logedin successfully on 26 December 2019, 11:35:32 AM
LOGIN: 	The student logedin successfully on 26 December 2019, 1:55:56 PM
LOGOUT: 	The Main Admin was Log-out successful on 26 December 2019, 1:57:32 PM
NEW ACCOUNT: 	The new student was created successfully with ID =6 on 26 December 2019, 1:58:23 PM
Allotement Details: 	Allotement Details was successfully filles with ID =53 on 26 December 2019, 2:18:04 PM by 6
Personal Details: 	Personal Details was successfully filled by ID =9 on 26 December 2019, 2:22:15 PM by 6
LOGOUT: 	The Main Admin was Log-out successful on 26 December 2019, 2:31:53 PM
LOGIN: 	The Main Admin logedin successfully on 26 December 2019, 2:32:12 PM
LOGOUT: 	The Main Admin was Log-out successful on 26 December 2019, 2:34:41 PM
LOGIN: 	The student logedin successfully on 26 December 2019, 2:35:04 PM
LOGIN: 	The student logedin successfully on 26 December 2019, 3:24:23 PM
LOGIN: 	The student logedin successfully on 27 December 2019, 4:48:23 AM
LOGIN: 	The student logedin successfully on 27 December 2019, 10:39:37 AM
LOGOUT: 	The Main Admin was Log-out successful on 27 December 2019, 11:19:17 AM
LOGIN: 	The student logedin successfully on 30 December 2019, 9:53:10 AM
LOGOUT: 	The Main Admin was Log-out successful on 30 December 2019, 9:54:00 AM
NEW ACCOUNT: 	The new student was created successfully with ID =7 on 30 December 2019, 9:55:15 AM
Allotement Details: 	Allotement Details was successfully filles with ID =54 on 30 December 2019, 9:56:29 AM by 7
LOGOUT: 	The Main Admin was Log-out successful on 30 December 2019, 10:04:30 AM
NEW ACCOUNT: 	The new student was created successfully with ID =8 on 30 December 2019, 10:05:25 AM
Allotement Details: 	Allotement Details was successfully filles with ID =55 on 30 December 2019, 10:05:42 AM by 8
LOGOUT: 	The Main Admin was Log-out successful on 30 December 2019, 10:30:24 AM
LOGIN: 	The student logedin successfully on 30 December 2019, 10:31:04 AM
LOGIN: 	The student logedin successfully on 30 December 2019, 3:02:28 PM
LOGIN: 	The student logedin successfully on 30 December 2019, 6:42:53 PM
LOGIN: 	The student logedin successfully on 30 December 2019, 8:31:10 PM
LOGOUT: 	The Main Admin was Log-out successful on 30 December 2019, 10:13:33 PM
LOGIN: 	The student logedin successfully on 30 December 2019, 10:13:53 PM
LOGOUT: 	The Main Admin was Log-out successful on 30 December 2019, 10:15:14 PM
NEW ACCOUNT: 	The new student was created successfully with ID =9 on 30 December 2019, 10:16:39 PM
NEW ACCOUNT: 	The new student was created successfully with ID =10 on 31 December 2019, 7:17:47 AM
Allotement Details: 	Allotement Details was successfully filles with ID =56 on 31 December 2019, 7:21:40 AM by 10
Personal Details: 	Personal Details was successfully filled by ID =10 on 31 December 2019, 8:22:06 AM by 10
LOGOUT: 	The Main Admin was Log-out successful on 31 December 2019, 8:38:53 AM
NEW ACCOUNT: 	The new student was created successfully with ID =11 on 31 December 2019, 8:40:32 AM
Allotement Details: 	Allotement Details was successfully filles with ID =57 on 31 December 2019, 8:40:56 AM by 11
LOGOUT: 	The Main Admin was Log-out successful on 31 December 2019, 8:56:19 AM
NEW ACCOUNT: 	The new student was created successfully with ID =12 on 31 December 2019, 8:57:03 AM
Allotement Details: 	Allotement Details was successfully filles with ID =58 on 31 December 2019, 8:57:25 AM by 12
LOGOUT: 	The Main Admin was Log-out successful on 31 December 2019, 9:00:16 AM
NEW ACCOUNT: 	The new student was created successfully with ID =13 on 31 December 2019, 9:01:05 AM
Allotement Details: 	Allotement Details was successfully filles with ID =59 on 31 December 2019, 9:02:31 AM by 13
LOGOUT: 	The Main Admin was Log-out successful on 31 December 2019, 9:30:12 AM
LOGIN: 	The student logedin successfully on 31 December 2019, 9:30:24 AM
NEW ACCOUNT: 	The new student was created successfully with ID =14 on 31 December 2019, 12:52:08 PM
Allotement Details: 	Allotement Details was successfully filles with ID =60 on 31 December 2019, 12:57:55 PM by 14
LOGOUT: 	The Main Admin was Log-out successful on 31 December 2019, 1:21:12 PM
LOGIN: 	The student logedin successfully on 31 December 2019, 1:21:25 PM
LOGOUT: 	The Main Admin was Log-out successful on 31 December 2019, 1:31:27 PM
LOGIN FAILED: 	The Main Admin was not Log-in unsuccessful on 31 December 2019, 1:31:45 PM
LOGIN: 	The student logedin successfully on 31 December 2019, 1:32:02 PM
LOGOUT: 	The Main Admin was Log-out successful on 31 December 2019, 1:32:09 PM
LOGIN FAILED: 	The Main Admin was not Log-in unsuccessful on 31 December 2019, 2:13:41 PM
LOGIN FAILED: 	The Main Admin was not Log-in unsuccessful on 31 December 2019, 2:13:50 PM
LOGIN: 	The student logedin successfully on 31 December 2019, 2:14:08 PM
LOGOUT: 	The Main Admin was Log-out successful on 31 December 2019, 2:16:58 PM
LOGIN: 	The student logedin successfully on 31 December 2019, 2:17:08 PM
LOGOUT: 	The Main Admin was Log-out successful on 31 December 2019, 2:24:42 PM
LOGIN: 	The student logedin successfully on 31 December 2019, 2:24:53 PM
LOGIN: 	The student logedin successfully on 1 January 2020, 6:16:04 PM
LOGIN: 	The student logedin successfully on 1 January 2020, 9:10:20 PM
LOGOUT: 	The Main Admin was Log-out successful on 1 January 2020, 9:18:13 PM
LOGIN: 	The student logedin successfully on 1 January 2020, 10:20:48 PM
LOGIN: 	The student logedin successfully on 1 January 2020, 10:22:51 PM
LOGIN: 	The student logedin successfully on 1 January 2020, 10:23:26 PM
LOGOUT: 	The Main Admin was Log-out successful on 1 January 2020, 10:24:08 PM
LOGIN: 	The student logedin successfully on 2 January 2020, 3:48:44 PM
LOGIN: 	The student logedin successfully on 9 January 2020, 10:24:48 AM
LOGIN: 	The student logedin successfully on 9 January 2020, 11:32:01 AM
LOGIN: 	The student logedin successfully on 9 January 2020, 7:12:58 PM
LOGIN: 	The student logedin successfully on 10 January 2020, 6:59:06 AM
LOGIN FAILED: 	The Main Admin was not Log-in unsuccessful on 10 January 2020, 9:57:33 AM
LOGIN: 	The student logedin successfully on 10 January 2020, 9:57:40 AM
LOGOUT: 	The Main Admin was Log-out successful on 10 January 2020, 9:57:46 AM
LOGIN: 	The student logedin successfully on 10 January 2020, 9:57:56 AM
LOGIN: 	The student logedin successfully on 10 January 2020, 1:15:02 PM
LOGIN: 	The student logedin successfully on 10 January 2020, 2:29:39 PM
LOGIN: 	The student logedin successfully on 10 January 2020, 4:37:52 PM
LOGIN: 	The student logedin successfully on 10 January 2020, 4:51:34 PM
LOGIN: 	The student logedin successfully on 11 January 2020, 7:59:57 AM
LOGIN: 	The student logedin successfully on 11 January 2020, 10:40:55 AM
LOGOUT: 	The Main Admin was Log-out successful on 11 January 2020, 10:40:58 AM
LOGIN: 	The student logedin successfully on 11 January 2020, 10:41:10 AM
LOGOUT: 	The Main Admin was Log-out successful on 11 January 2020, 10:41:20 AM
LOGIN: 	The student logedin successfully on 11 January 2020, 10:41:36 AM
LOGOUT: 	The Main Admin was Log-out successful on 11 January 2020, 10:41:41 AM
LOGIN FAILED: 	The Main Admin was not Log-in unsuccessful on 11 January 2020, 10:41:52 AM
LOGIN FAILED: 	The Main Admin was not Log-in unsuccessful on 11 January 2020, 10:41:59 AM
LOGIN FAILED: 	The Main Admin was not Log-in unsuccessful on 11 January 2020, 10:42:02 AM
LOGIN: 	The student logedin successfully on 11 January 2020, 10:42:11 AM
LOGIN: 	The student logedin successfully on 11 January 2020, 1:05:56 PM
LOGIN: 	The student logedin successfully on 12 January 2020, 6:49:09 AM
Bank-Draft --BANK-- Details: 	Bank-Draft details was successfully filled with ID =4 on 12 January 2020, 6:55:05 AM by 6
Bank-Draft --BANK-- Details: 	Bank-Draft details was successfully filled with ID =5 on 12 January 2020, 6:58:30 AM by 6
Bank-Draft --BANK-- Details: 	Bank-Draft details was successfully filled with ID =6 on 12 January 2020, 7:02:34 AM by 6
Bank-Draft --BANK-- Details: 	Bank-Draft details was successfully filled with ID =7 on 12 January 2020, 7:04:27 AM by 6
LOGIN: 	The student logedin successfully on 12 January 2020, 9:57:17 AM
Bank-Draft --BANK-- Details: 	Bank-Draft details was successfully filled with ID =8 on 12 January 2020, 10:18:58 AM by 6
Bank-Draft --BANK-- Details: 	Bank-Draft details was successfully filled with ID =9 on 12 January 2020, 10:20:40 AM by 6
Bank-Draft --BANK-- Details: 	Bank-Draft details was successfully filled with ID =10 on 12 January 2020, 10:22:36 AM by 6
Bank-Draft --BANK-- Details: 	Bank-Draft details was successfully filled with ID =11 on 12 January 2020, 10:24:15 AM by 6
LOGOUT: 	The Main Admin was Log-out successful on 12 January 2020, 12:10:33 PM
LOGIN: 	The student logedin successfully on 12 January 2020, 12:10:44 PM
LOGIN: 	The student logedin successfully on 12 January 2020, 3:35:25 PM
LOGIN: 	The student logedin successfully on 13 January 2020, 5:17:35 AM
Allotement Details: 	Allotement Details was successfully filles with ID =4 on 13 January 2020, 6:35:58 AM by 6
Personal Details: 	Personal Details was successfully filled by ID =9 on 13 January 2020, 10:52:58 AM by 6
LOGIN: 	The student logedin successfully on 13 January 2020, 11:37:37 AM
Personal Details: 	Personal Details was successfully filled by ID =9 on 13 January 2020, 11:43:21 AM by 6
LOGIN: 	The student logedin successfully on 13 January 2020, 1:08:07 PM
LOGIN: 	The student logedin successfully on 14 January 2020, 4:34:55 AM
LOGOUT: 	The Main Admin was Log-out successful on 14 January 2020, 4:35:01 AM
LOGIN: 	The student logedin successfully on 14 January 2020, 4:35:14 AM
LOGIN: 	The student logedin successfully on 14 January 2020, 7:52:56 AM
Personal Details: 	Personal Details was successfully filled by ID =9 on 14 January 2020, 10:41:06 AM by 6
LOGOUT: 	The Main Admin was Log-out successful on 14 January 2020, 10:53:33 AM
LOGIN: 	The student logedin successfully on 14 January 2020, 10:53:46 AM
LOGIN: 	The student logedin successfully on 14 January 2020, 4:03:28 PM
LOGIN: 	The student logedin successfully on 15 January 2020, 3:28:57 AM
LOGIN: 	The student logedin successfully on 15 January 2020, 6:46:34 AM
LOGIN: 	The student logedin successfully on 15 January 2020, 7:43:01 AM
Personal Details: 	Personal Details was successfully filled by ID =9 on 15 January 2020, 8:46:54 AM by 6
Gaurdian Details: 	Gaurdian Details was successfully filled by ID =12 on 15 January 2020, 10:32:12 AM by 6
Gaurdian Details: 	Gaurdian Details was successfully filled by ID =12 on 15 January 2020, 10:34:03 AM by 6
Gaurdian Details: 	Gaurdian Details was successfully filled by ID =13 on 15 January 2020, 10:43:57 AM by 6
Gaurdian Details: 	Gaurdian Details was successfully filled by ID =14 on 15 January 2020, 10:44:41 AM by 6
Gaurdian Details: 	Gaurdian Details was successfully filled by ID =14 on 15 January 2020, 10:45:32 AM by 6
Gaurdian Details: 	Gaurdian Details was successfully filled by ID =14 on 15 January 2020, 10:45:57 AM by 6
Gaurdian Details: 	Gaurdian Details was successfully filled by ID =17 on 15 January 2020, 11:02:54 AM by 6
Gaurdian Details: 	Gaurdian Details was successfully filled by ID =17 on 15 January 2020, 11:06:10 AM by 6
Gaurdian Details: 	Gaurdian Details was successfully filled by ID =17 on 15 January 2020, 11:08:42 AM by 6
Gaurdian Details: 	Gaurdian Details was successfully filled by ID =17 on 15 January 2020, 11:08:55 AM by 6
Gaurdian Details: 	Gaurdian Details was successfully filled by ID =17 on 15 January 2020, 11:10:49 AM by 6
LOGOUT: 	The Main Admin was Log-out successful on 15 January 2020, 11:14:33 AM
LOGIN: 	The student logedin successfully on 15 January 2020, 11:14:53 AM
LOGOUT: 	The Main Admin was Log-out successful on 15 January 2020, 11:14:58 AM
LOGIN: 	The student logedin successfully on 15 January 2020, 11:15:14 AM
Gaurdian Details: 	Gaurdian Details was successfully filled by ID =18 on 15 January 2020, 11:15:46 AM by 5
Gaurdian Details: 	Gaurdian Details was successfully filled by ID =19 on 15 January 2020, 11:18:40 AM by 5
Gaurdian Details: 	Gaurdian Details was successfully filled by ID =20 on 15 January 2020, 11:19:33 AM by 5
LOGIN: 	The student logedin successfully on 15 January 2020, 7:06:29 PM
Personal Details: 	Personal Details was successfully filled by ID =8 on 15 January 2020, 7:08:27 PM by 5
LOGIN: 	The student logedin successfully on 16 January 2020, 11:40:02 AM
Allotement Details: 	Allotement Details was successfully filles with ID =53 on 16 January 2020, 11:43:55 AM by 6
Allotement Details: 	Allotement Details was successfully filles with ID =53 on 16 January 2020, 11:45:09 AM by 6
Gaurdian Details: 	Gaurdian Details was successfully filled by ID =17 on 16 January 2020, 11:45:36 AM by 6
LOGOUT: 	The Main Admin was Log-out successful on 16 January 2020, 11:45:46 AM
NEW ACCOUNT: 	The new student was created successfully with ID =15 on 16 January 2020, 11:47:25 AM
LOGIN: 	The student logedin successfully on 16 January 2020, 11:50:53 AM
LOGIN: 	The student logedin successfully on 16 January 2020, 11:53:45 AM
Personal Details: 	Personal Details was successfully filled by ID =9 on 16 January 2020, 11:55:09 AM by 6
Gaurdian Details: 	Gaurdian Details was successfully filled by ID =21 on 16 January 2020, 11:55:34 AM by 6
Gaurdian Details: 	Gaurdian Details was successfully filled by ID =8 on 16 January 2020, 11:56:41 AM by 6
Personal Details: 	Personal Details was successfully filled by ID =9 on 16 January 2020, 11:57:18 AM by 6
Education Details: 	Education Details was successfully filled by ID =8 on 16 January 2020, 12:52:40 PM by 6
Education Details: 	Education Details was successfully filled by ID =8 on 16 January 2020, 12:56:42 PM by 6
Bank-Draft --BANK-- Details: 	Bank-Draft details was successfully filled with ID =20 on 16 January 2020, 1:30:23 PM by 6
Education Details: 	Education Details was successfully filled by ID =9 on 16 January 2020, 1:30:54 PM by 6
Personal Details: 	Personal Details was successfully filled by ID =9 on 16 January 2020, 2:03:00 PM by 6
LOGOUT: 	The Main Admin was Log-out successful on 16 January 2020, 2:03:13 PM
LOGIN: 	The student logedin successfully on 16 January 2020, 2:04:07 PM
LOGIN: 	The student logedin successfully on 16 January 2020, 2:06:47 PM
Education Details: 	Education Details was successfully filled by ID =10 on 16 January 2020, 2:08:16 PM by 6
Allotement Details: 	Allotement Details was successfully filles with ID =53 on 16 January 2020, 2:27:51 PM by 6
Allotement Details: 	Allotement Details was successfully filles with ID =53 on 16 January 2020, 2:28:28 PM by 6
Gaurdian Details: 	Gaurdian Details was successfully filled by ID =21 on 16 January 2020, 2:30:01 PM by 6
Gaurdian Details: 	Gaurdian Details was successfully filled by ID =21 on 16 January 2020, 2:34:30 PM by 6
Gaurdian Details: 	Gaurdian Details was successfully filled by ID =21 on 16 January 2020, 2:37:47 PM by 6
Gaurdian Details: 	Gaurdian Details was successfully filled by ID =21 on 16 January 2020, 2:39:20 PM by 6
Gaurdian Details: 	Gaurdian Details was successfully filled by ID =21 on 16 January 2020, 2:39:40 PM by 6
Gaurdian Details: 	Gaurdian Details was successfully filled by ID =21 on 16 January 2020, 2:41:04 PM by 6
LOGIN: 	The student logedin successfully on 16 January 2020, 4:40:23 PM
Gaurdian Details: 	Gaurdian Details was successfully filled by ID =22 on 16 January 2020, 4:44:54 PM by 6
Gaurdian Details: 	Gaurdian Details was successfully filled by ID =22 on 16 January 2020, 4:55:02 PM by 6
LOGIN: 	The student logedin successfully on 16 January 2020, 6:21:15 PM
LOGIN: 	The student logedin successfully on 17 January 2020, 5:09:57 AM
Gaurdian Details: 	Gaurdian Details was successfully filled by ID =23 on 17 January 2020, 5:10:50 AM by 6
LOGIN: 	The student logedin successfully on 17 January 2020, 6:23:50 AM
Personal Details: 	Personal Details was successfully filled by ID =9 on 17 January 2020, 6:29:14 AM by 6
Allotement Details: 	Allotement Details was successfully filles with ID =53 on 17 January 2020, 7:00:10 AM by 6
Allotement Details: 	Allotement Details was successfully filles with ID =53 on 17 January 2020, 7:00:28 AM by 6
Personal Details: 	Personal Details was successfully filled by ID =9 on 17 January 2020, 7:04:01 AM by 6
Gaurdian Details: 	Gaurdian Details was successfully filled by ID =24 on 17 January 2020, 7:04:43 AM by 6
LOGIN FAILED: 	The Main Admin was not Log-in unsuccessful on 17 January 2020, 11:05:35 AM
LOGIN: 	The student logedin successfully on 17 January 2020, 11:07:08 AM
Personal Details: 	Personal Details was successfully filled by ID =11 on 17 January 2020, 11:24:44 AM by 12
Personal Details: 	Personal Details was successfully filled by ID =11 on 17 January 2020, 11:26:54 AM by 12
Gaurdian Details: 	Gaurdian Details was successfully filled by ID =25 on 17 January 2020, 11:28:09 AM by 12
Education Details: 	Education Details was successfully filled by ID =11 on 17 January 2020, 11:29:20 AM by 12
Education Details: 	Education Details was successfully filled by ID =11 on 17 January 2020, 11:48:54 AM by 12
Education Details: 	Education Details was successfully filled by ID =11 on 17 January 2020, 11:49:03 AM by 12
Education Details: 	Education Details was successfully filled by ID =11 on 17 January 2020, 11:52:40 AM by 12
Bank-Draft --BANK-- Details: 	Bank-Draft details was successfully filled with ID =21 on 17 January 2020, 11:53:02 AM by 12
Bank-Draft --BANK-- Details: 	Bank-Draft details was successfully filled with ID =21 on 17 January 2020, 11:53:45 AM by 12
Bank-Draft --BANK-- Details: 	Bank-Draft details was successfully filled with ID =21 on 17 January 2020, 11:54:11 AM by 12
Bank-Draft --BANK-- Details: 	Bank-Draft details was successfully filled with ID =21 on 17 January 2020, 12:37:23 PM by 12
Bank-Draft --BANK-- Details: 	Bank-Draft details was successfully filled with ID =21 on 17 January 2020, 12:51:23 PM by 12
Bank-Draft --BANK-- Details: 	Bank-Draft details was successfully filled with ID =22 on 17 January 2020, 12:53:32 PM by 12
Bank-Draft --BANK-- Details: 	Bank-Draft details was successfully filled with ID =22 on 17 January 2020, 1:21:42 PM by 12
Bank-Draft --BANK-- Details: 	Bank-Draft details was successfully filled with ID =22 on 17 January 2020, 1:32:31 PM by 12
Gaurdian Details: 	Gaurdian Details was successfully filled by ID =26 on 17 January 2020, 1:33:42 PM by 12
Education Details: 	Education Details was successfully filled by ID =11 on 17 January 2020, 1:35:08 PM by 12
Bank-Draft --BANK-- Details: 	Bank-Draft details was successfully filled with ID =23 on 17 January 2020, 1:43:34 PM by 12
LOGIN: 	The student logedin successfully on 17 January 2020, 4:37:07 PM
LOGIN: 	The student logedin successfully on 17 January 2020, 4:37:53 PM
LOGIN FAILED: 	The Main Admin was not Log-in unsuccessful on 17 January 2020, 4:41:29 PM
LOGIN: 	The student logedin successfully on 17 January 2020, 4:42:40 PM
LOGIN: 	The student logedin successfully on 17 January 2020, 4:43:46 PM
LOGIN: 	The student logedin successfully on 17 January 2020, 4:49:28 PM
LOGIN: 	The student logedin successfully on 17 January 2020, 4:52:28 PM
LOGIN: 	The student logedin successfully on 17 January 2020, 4:52:47 PM
LOGIN FAILED: 	The Main Admin was not Log-in unsuccessful on 17 January 2020, 4:54:54 PM
LOGIN: 	The student logedin successfully on 17 January 2020, 4:55:07 PM
LOGIN: 	The student logedin successfully on 17 January 2020, 4:56:19 PM
LOGIN: 	The student logedin successfully on 17 January 2020, 5:06:14 PM
LOGIN: 	The student logedin successfully on 17 January 2020, 5:08:26 PM
LOGIN: 	The student logedin successfully on 17 January 2020, 5:08:47 PM
LOGIN: 	The student logedin successfully on 17 January 2020, 5:09:22 PM
LOGIN: 	The student logedin successfully on 17 January 2020, 5:10:07 PM
LOGIN: 	The student logedin successfully on 17 January 2020, 5:10:29 PM
LOGIN FAILED: 	The Main Admin was not Log-in unsuccessful on 17 January 2020, 5:14:12 PM
LOGIN: 	The student logedin successfully on 17 January 2020, 5:15:11 PM
Education Details: 	Education Details was successfully filled by ID =12 on 17 January 2020, 5:16:05 PM by 6
LOGIN: 	The student logedin successfully on 17 January 2020, 8:39:53 PM
LOGOUT: 	The Main Admin was Log-out successful on 17 January 2020, 8:42:05 PM
LOGIN: 	The student logedin successfully on 18 January 2020, 3:43:49 AM
LOGOUT: 	The Main Admin was Log-out successful on 18 January 2020, 3:44:54 AM
LOGIN: 	The student logedin successfully on 18 January 2020, 3:46:16 AM
LOGOUT: 	The Main Admin was Log-out successful on 18 January 2020, 4:58:56 AM
LOGIN: 	The student logedin successfully on 18 January 2020, 4:59:17 AM
LOGOUT: 	The Main Admin was Log-out successful on 18 January 2020, 5:34:05 AM
LOGIN: 	The student logedin successfully on 18 January 2020, 5:46:32 AM
LOGOUT: 	The Main Admin was Log-out successful on 18 January 2020, 5:51:50 AM
NEW ACCOUNT: 	The new student was created successfully with ID =16 on 18 January 2020, 5:52:52 AM
LOGOUT: 	The Main Admin was Log-out successful on 18 January 2020, 5:53:49 AM
LOGIN: 	The student logedin successfully on 18 January 2020, 5:57:16 AM
LOGOUT: 	The Main Admin was Log-out successful on 18 January 2020, 6:00:10 AM
LOGIN FAILED: 	The Main Admin was not Log-in unsuccessful on 18 January 2020, 6:17:14 AM
LOGIN FAILED: 	The Main Admin was not Log-in unsuccessful on 18 January 2020, 8:43:51 AM
LOGIN: 	The student logedin successfully on 18 January 2020, 8:50:04 AM
LOGOUT: 	The Main Admin was Log-out successful on 18 January 2020, 8:51:14 AM
LOGIN FAILED: 	The Main Admin was not Log-in unsuccessful on 18 January 2020, 8:51:38 AM
LOGIN: 	The student logedin successfully on 18 January 2020, 8:53:52 AM
LOGOUT: 	The Main Admin was Log-out successful on 18 January 2020, 8:54:50 AM
LOGIN FAILED: 	The Main Admin was not Log-in unsuccessful on 18 January 2020, 8:54:58 AM
LOGIN: 	The student logedin successfully on 18 January 2020, 8:55:10 AM
LOGOUT: 	The Main Admin was Log-out successful on 18 January 2020, 8:56:33 AM
LOGIN: 	The student logedin successfully on 18 January 2020, 8:56:44 AM
LOGOUT: 	The Main Admin was Log-out successful on 18 January 2020, 8:56:51 AM
LOGIN FAILED: 	The Main Admin was not Log-in unsuccessful on 18 January 2020, 8:57:02 AM
LOGIN: 	The student logedin successfully on 18 January 2020, 8:57:10 AM
LOGOUT: 	The Main Admin was Log-out successful on 18 January 2020, 8:59:41 AM
LOGIN FAILED: 	The Main Admin was not Log-in unsuccessful on 18 January 2020, 8:59:49 AM
LOGIN: 	The student logedin successfully on 18 January 2020, 8:59:56 AM
LOGOUT: 	The Main Admin was Log-out successful on 18 January 2020, 9:00:16 AM
LOGIN FAILED: 	The Main Admin was not Log-in unsuccessful on 18 January 2020, 9:03:50 AM
LOGIN FAILED: 	The Main Admin was not Log-in unsuccessful on 18 January 2020, 9:05:07 AM
LOGIN: 	The student logedin successfully on 18 January 2020, 9:07:29 AM
LOGOUT: 	The Main Admin was Log-out successful on 18 January 2020, 9:08:28 AM
LOGIN FAILED: 	The Main Admin was not Log-in unsuccessful on 18 January 2020, 9:08:35 AM
LOGIN: 	The student logedin successfully on 18 January 2020, 9:08:43 AM
LOGOUT: 	The Main Admin was Log-out successful on 18 January 2020, 9:09:10 AM
LOGIN: 	The student logedin successfully on 18 January 2020, 9:09:19 AM
LOGOUT: 	The Main Admin was Log-out successful on 18 January 2020, 9:09:50 AM
LOGIN: 	The student logedin successfully on 18 January 2020, 9:10:07 AM
LOGOUT: 	The Main Admin was Log-out successful on 18 January 2020, 9:10:16 AM
LOGIN FAILED: 	The Main Admin was not Log-in unsuccessful on 18 January 2020, 9:11:58 AM
LOGIN FAILED: 	The Main Admin was not Log-in unsuccessful on 18 January 2020, 9:12:24 AM
LOGIN: 	The student logedin successfully on 18 January 2020, 9:12:32 AM
LOGOUT: 	The Main Admin was Log-out successful on 18 January 2020, 9:15:05 AM
LOGIN FAILED: 	The Main Admin was not Log-in unsuccessful on 18 January 2020, 9:16:24 AM
LOGIN FAILED: 	The Main Admin was not Log-in unsuccessful on 18 January 2020, 9:22:10 AM
LOGIN FAILED: 	The Main Admin was not Log-in unsuccessful on 18 January 2020, 9:23:59 AM
LOGIN FAILED: 	The Main Admin was not Log-in unsuccessful on 18 January 2020, 9:29:55 AM
LOGIN FAILED: 	The Main Admin was not Log-in unsuccessful on 18 January 2020, 9:44:07 AM
LOGIN FAILED: 	The Main Admin was not Log-in unsuccessful on 18 January 2020, 9:45:18 AM
LOGIN FAILED: 	The Main Admin was not Log-in unsuccessful on 18 January 2020, 9:45:22 AM
LOGIN FAILED: 	The Main Admin was not Log-in unsuccessful on 18 January 2020, 9:45:34 AM
LOGIN FAILED: 	The Main Admin was not Log-in unsuccessful on 18 January 2020, 9:48:38 AM
LOGIN FAILED: 	The Main Admin was not Log-in unsuccessful on 18 January 2020, 9:48:41 AM
LOGIN: 	The student logedin successfully on 18 January 2020, 9:50:51 AM
LOGOUT: 	The Main Admin was Log-out successful on 18 January 2020, 9:51:44 AM
LOGIN FAILED: 	The Main Admin was not Log-in unsuccessful on 18 January 2020, 9:51:57 AM
LOGIN: 	The student logedin successfully on 18 January 2020, 9:52:09 AM
LOGOUT: 	The Main Admin was Log-out successful on 18 January 2020, 9:52:17 AM
LOGIN: 	The student logedin successfully on 18 January 2020, 9:52:27 AM
LOGIN FAILED: 	The Main Admin was not Log-in unsuccessful on 18 January 2020, 9:54:52 AM
LOGIN: 	The student logedin successfully on 18 January 2020, 9:55:00 AM
LOGIN: 	The student logedin successfully on 18 January 2020, 11:45:04 AM
LOGOUT: 	The Main Admin was Log-out successful on 18 January 2020, 11:46:39 AM
LOGIN: 	The student logedin successfully on 18 January 2020, 11:46:51 AM
LOGOUT: 	The Main Admin was Log-out successful on 18 January 2020, 11:47:08 AM
NEW ACCOUNT: 	The new student was created successfully with ID =17 on 18 January 2020, 2:38:16 PM
LOGIN: 	The student logedin successfully on 18 January 2020, 3:19:53 PM
LOGOUT: 	The Main Admin was Log-out successful on 18 January 2020, 3:21:15 PM
LOGIN: 	The student logedin successfully on 18 January 2020, 3:22:43 PM
Gaurdian Details: 	Gaurdian Details was successfully filled by ID =24 on 18 January 2020, 3:31:46 PM by 6
LOGOUT: 	The Main Admin was Log-out successful on 18 January 2020, 3:43:03 PM
LOGIN: 	The Main Admin logedin successfully on 18 January 2020, 4:10:13 PM
LOGOUT: 	The Main Admin was Log-out successful on 18 January 2020, 4:12:11 PM
LOGIN: 	The student logedin successfully on 19 January 2020, 5:12:43 AM
LOGIN: 	The student logedin successfully on 19 January 2020, 7:47:20 AM
Gaurdian Details: 	Gaurdian Details was successfully filled by ID =24 on 19 January 2020, 7:48:28 AM by 6
Gaurdian Details: 	Gaurdian Details was successfully filled by ID =24 on 19 January 2020, 7:49:49 AM by 6
Education Details: 	Education Details was successfully filled by ID =12 on 19 January 2020, 7:51:19 AM by 6
Gaurdian Details: 	Gaurdian Details was successfully filled by ID =24 on 19 January 2020, 7:51:59 AM by 6
Personal Details: 	Personal Details was successfully filled by ID =9 on 19 January 2020, 7:52:26 AM by 6
Personal Details: 	Personal Details was successfully filled by ID =9 on 19 January 2020, 7:54:02 AM by 6
Personal Details: 	Personal Details was successfully filled by ID =9 on 19 January 2020, 7:54:51 AM by 6
Bank-Draft --BANK-- Details: 	Bank-Draft details was successfully filled with ID =20 on 19 January 2020, 8:10:03 AM by 6
Gaurdian Details: 	Gaurdian Details was successfully filled by ID =24 on 19 January 2020, 8:10:48 AM by 6
Gaurdian Details: 	Gaurdian Details was successfully filled by ID =24 on 19 January 2020, 8:11:59 AM by 6
Personal Details: 	Personal Details was successfully filled by ID =9 on 19 January 2020, 8:21:48 AM by 6
Education Details: 	Education Details was successfully filled by ID =12 on 19 January 2020, 8:22:31 AM by 6
LOGOUT: 	The Main Admin was Log-out successful on 19 January 2020, 8:39:47 AM
LOGIN: 	The student logedin successfully on 19 January 2020, 8:42:19 AM
LOGOUT: 	The Main Admin was Log-out successful on 19 January 2020, 8:45:37 AM
LOGIN: 	The student logedin successfully on 19 January 2020, 9:26:32 AM
LOGOUT: 	The Main Admin was Log-out successful on 19 January 2020, 9:27:19 AM
LOGIN: 	The student logedin successfully on 19 January 2020, 9:30:10 AM
LOGOUT: 	The Main Admin was Log-out successful on 19 January 2020, 9:30:12 AM
LOGIN: 	The student logedin successfully on 19 January 2020, 9:30:31 AM
LOGOUT: 	The Main Admin was Log-out successful on 19 January 2020, 9:30:37 AM
LOGIN: 	The student logedin successfully on 19 January 2020, 11:04:26 AM
LOGIN: 	The student logedin successfully on 19 January 2020, 11:23:19 AM
Allotement Details: 	Allotement Details was successfully filles with ID =53 on 19 January 2020, 11:27:43 AM by 6
LOGOUT: 	The Main Admin was Log-out successful on 19 January 2020, 11:28:34 AM
LOGIN: 	The Main Admin logedin successfully on 19 January 2020, 11:41:46 AM
LOGIN: 	The student logedin successfully on 19 January 2020, 11:45:14 AM
LOGIN: 	The student logedin successfully on 19 January 2020, 11:55:39 AM
LOGOUT: 	The Main Admin was Log-out successful on 19 January 2020, 12:05:04 PM
LOGIN: 	The student logedin successfully on 19 January 2020, 12:06:09 PM
LOGOUT: 	The Main Admin was Log-out successful on 19 January 2020, 12:58:27 PM
LOGIN: 	The student logedin successfully on 19 January 2020, 12:58:42 PM
Allotement Details: 	Allotement Details was successfully filles with ID =61 on 19 January 2020, 12:59:33 PM by 16
Personal Details: 	Personal Details was successfully filled by ID =12 on 19 January 2020, 1:00:29 PM by 16
LOGIN: 	The student logedin successfully on 19 January 2020, 1:41:04 PM
Allotement Details: 	Allotement Details was successfully filles with ID =53 on 19 January 2020, 1:41:19 PM by 6
Allotement Details: 	Allotement Details was successfully filles with ID =53 on 19 January 2020, 1:42:19 PM by 6
LOGOUT: 	The Main Admin was Log-out successful on 19 January 2020, 1:50:37 PM
LOGIN: 	The student logedin successfully on 19 January 2020, 1:50:56 PM
Allotement Details: 	Allotement Details was successfully filles with ID =53 on 19 January 2020, 2:10:47 PM by 6
Allotement Details: 	Allotement Details was successfully filles with ID =53 on 19 January 2020, 2:30:31 PM by 6
Personal Details: 	Personal Details was successfully filled by ID =9 on 19 January 2020, 2:48:51 PM by 6
Gaurdian Details: 	Gaurdian Details was successfully filled by ID =9 on 19 January 2020, 2:50:32 PM by 6
LOGIN: 	The student logedin successfully on 20 January 2020, 4:01:10 AM
Gaurdian Details: 	Gaurdian Details was successfully filled by ID =27 on 20 January 2020, 4:01:25 AM by 5
Bank-Draft --BANK-- Details: 	Bank-Draft details was successfully filled with ID =24 on 20 January 2020, 4:01:40 AM by 5
Gaurdian Details: 	Gaurdian Details was successfully filled by ID =10 on 20 January 2020, 4:02:15 AM by 5
Personal Details: 	Personal Details was successfully filled by ID =8 on 20 January 2020, 5:22:14 AM by 5
LOGOUT: 	The Main Admin was Log-out successful on 20 January 2020, 5:25:35 AM
LOGIN: 	The student logedin successfully on 20 January 2020, 5:25:43 AM
LOGIN: 	The student logedin successfully on 20 January 2020, 6:20:30 AM
Final submit Details: 	Final submit was successfully done with ID =3 on 20 January 2020, 9:42:29 AM by 6
Final submit Details: 	Final submit was successfully done with ID =4 on 20 January 2020, 9:49:10 AM by 6
Final submit Details: 	Final submit was successfully done with ID =5 on 20 January 2020, 9:51:48 AM by 6
Final submit Details: 	Final submit was successfully done with ID =6 on 20 January 2020, 10:00:29 AM by 6
Gaurdian Details: 	Gaurdian Details was successfully filled by ID =11 on 20 January 2020, 10:03:13 AM by 6
Final submit Details: 	Final submit was successfully done with ID =7 on 20 January 2020, 10:04:32 AM by 6
LOGIN: 	The student logedin successfully on 20 January 2020, 12:19:32 PM
Final submit Details: 	Final submit was successfully done with ID =8 on 20 January 2020, 12:22:09 PM by 6
LOGIN: 	The student logedin successfully on 20 January 2020, 12:25:03 PM
Allotement Details: 	Allotement Details was successfully filles with ID =53 on 20 January 2020, 12:25:59 PM by 6
LOGIN: 	The student logedin successfully on 20 January 2020, 1:13:33 PM
Allotement Details: 	Allotement Details was successfully filles with ID =53 on 20 January 2020, 1:16:23 PM by 6
Allotement Details: 	Allotement Details was successfully filles with ID =53 on 20 January 2020, 1:16:47 PM by 6
Allotement Details: 	Allotement Details was successfully filles with ID =53 on 20 January 2020, 1:17:08 PM by 6
LOGOUT: 	The Main Admin was Log-out successful on 20 January 2020, 1:18:18 PM
LOGIN: 	The student logedin successfully on 20 January 2020, 1:33:30 PM
Education Details: 	Education Details was successfully filled by ID =12 on 20 January 2020, 1:34:24 PM by 6
